<?xml version="1.0" encoding="UTF-8"?>
<!-- Generated by org.testng.reporters.JUnitReportReporter -->
<testsuite hostname="DESKTOP-HPEUQME" failures="0" tests="1" name="mavenPractice.DcapPractice" time="32.006" errors="0" timestamp="2023-01-28T18:20:03 IST" skipped="0">
  <testcase classname="mavenPractice.DcapPractice" name="simp" time="32.006"/>
  <system-out/>
</testsuite> <!-- mavenPractice.DcapPractice -->
