<?xml version="1.0" encoding="UTF-8"?>
<!-- Generated by org.testng.reporters.JUnitReportReporter -->
<testsuite hostname="DESKTOP-HPEUQME" failures="0" tests="4" name="mavenPractice.SimpleTest" time="0.086" errors="0" timestamp="2023-01-24T15:30:20 IST" skipped="0">
  <testcase classname="mavenPractice.SimpleTest" name="smt" time="0.005"/>
  <system-out/>
  <testcase classname="mavenPractice.SimpleTest" name="smt" time="0.027"/>
  <system-out/>
  <testcase classname="mavenPractice.SimpleTest" name="mavnprctc" time="0.048"/>
  <system-out/>
  <testcase classname="mavenPractice.SimpleTest" name="printLine" time="0.006"/>
  <system-out/>
</testsuite> <!-- mavenPractice.SimpleTest -->
