<?xml version="1.0" encoding="UTF-8"?>
<!-- Generated by org.testng.reporters.JUnitReportReporter -->
<testsuite hostname="DESKTOP-HPEUQME" failures="0" tests="1" name="runConfigurations.ExampleRunConfig" time="0.045" errors="0" timestamp="2023-01-18T13:23:05 IST" skipped="0">
  <testcase classname="runConfigurations.ExampleRunConfig" name="create" time="0.045"/>
  <system-out/>
</testsuite> <!-- runConfigurations.ExampleRunConfig -->
